<?xml version="1.0" encoding="UTF-8"?>
<!-- Generated by org.testng.reporters.JUnitReportReporter -->
<testsuite hostname="LAPTOP-70MIPCT5" failures="0" tests="5" name="testNG.InvocationCount" time="0.019" errors="0" timestamp="2022-09-02T16:22:56 IST" skipped="1">
  <testcase classname="testNG.InvocationCount" name="setting" time="0.001"/>
  <system-out>
    <![CDATA[setting]]>
  </system-out>
  <testcase classname="testNG.InvocationCount" name="call" time="0.000"/>
  <system-out>
    <![CDATA[call]]>
  </system-out>
  <testcase classname="testNG.InvocationCount" name="call" time="0.016"/>
  <system-out>
    <![CDATA[call]]>
  </system-out>
  <testcase classname="testNG.InvocationCount" name="call" time="0.002"/>
  <system-out>
    <![CDATA[call]]>
  </system-out>
  <testcase classname="testNG.InvocationCount" name="chat">
    <skipped/>
  </testcase> <!-- chat -->
  <system-out/>
</testsuite> <!-- testNG.InvocationCount -->
