<?xml version="1.0" encoding="UTF-8"?>
<!-- Generated by org.testng.reporters.JUnitReportReporter -->
<testsuite hostname="LAPTOP-70MIPCT5" failures="0" tests="3" name="TestNG.Priority" time="0.017" errors="0" timestamp="2022-09-02T16:10:56 IST" skipped="0">
  <testcase classname="TestNG.Priority" name="setting" time="0.001"/>
  <system-out>
    <![CDATA[setting]]>
  </system-out>
  <testcase classname="TestNG.Priority" name="chat" time="0.015"/>
  <system-out>
    <![CDATA[chat]]>
  </system-out>
  <testcase classname="TestNG.Priority" name="call" time="0.001"/>
  <system-out>
    <![CDATA[call]]>
  </system-out>
</testsuite> <!-- TestNG.Priority -->
