<?xml version="1.0" encoding="UTF-8"?>
<!-- Generated by org.testng.reporters.JUnitReportReporter -->
<testsuite hostname="LAPTOP-70MIPCT5" failures="0" tests="1" name="TestNG.Test1" time="0.013" errors="0" timestamp="2022-09-02T15:45:25 IST" skipped="0">
  <testcase classname="TestNG.Test1" name="testScript01" time="0.013"/>
  <system-out>
    <![CDATA[Hellow selenium
Hello java]]>
  </system-out>
</testsuite> <!-- TestNG.Test1 -->
