<?xml version="1.0" encoding="UTF-8"?>
<!-- Generated by org.testng.reporters.JUnitReportReporter -->
<testsuite hostname="LAPTOP-70MIPCT5" failures="0" tests="3" name="parallel.ParallelExecution" time="22.867" errors="0" timestamp="2022-09-05T16:35:38 IST" skipped="0">
  <testcase classname="parallel.ParallelExecution" name="demo" time="7.738"/>
  <system-out/>
  <testcase classname="parallel.ParallelExecution" name="demo" time="7.220"/>
  <system-out/>
  <testcase classname="parallel.ParallelExecution" name="demo" time="7.909"/>
  <system-out/>
</testsuite> <!-- parallel.ParallelExecution -->
