<?xml version="1.0" encoding="UTF-8"?>
<!-- Generated by org.testng.reporters.JUnitReportReporter -->
<testsuite hostname="LAPTOP-70MIPCT5" failures="0" tests="3" name="dataprovider.FacebookLogin" time="22.061" errors="0" timestamp="2022-09-06T16:16:14 IST" skipped="0">
  <testcase classname="dataprovider.FacebookLogin" name="Login" time="8.334"/>
  <system-out/>
  <testcase classname="dataprovider.FacebookLogin" name="Login" time="7.061"/>
  <system-out/>
  <testcase classname="dataprovider.FacebookLogin" name="Login" time="6.666"/>
  <system-out/>
</testsuite> <!-- dataprovider.FacebookLogin -->
