<?xml version="1.0" encoding="UTF-8"?>
<!-- Generated by org.testng.reporters.JUnitReportReporter -->
<testsuite hostname="LAPTOP-70MIPCT5" failures="0" tests="1" name="sequential.CreatePage" time="9.403" errors="0" timestamp="2022-09-05T16:49:09 IST" skipped="0">
  <testcase classname="sequential.CreatePage" name="logintoapp" time="9.403"/>
  <system-out/>
</testsuite> <!-- sequential.CreatePage -->
